<?xml version="1.0" encoding="UTF-8"?>
<coverage generated="1704794231170" clover="3.2.0">
  <project timestamp="1704794231171" name="All files">
    <metrics statements="2" coveredstatements="2" conditionals="0" coveredconditionals="0" methods="1" coveredmethods="1" elements="3" coveredelements="3" complexity="0" loc="2" ncloc="2" packages="1" files="1" classes="1"/>
    <file name="sum.js" path="G:\Lenovo 2023 Backup Data\Downloads\React JS\Namaste React Code\Zigfoodz App\Session 1\src\Components\sum.js">
      <metrics statements="2" coveredstatements="2" conditionals="0" coveredconditionals="0" methods="1" coveredmethods="1"/>
      <line num="3" count="1" type="stmt"/>
      <line num="4" count="1" type="stmt"/>
    </file>
  </project>
</coverage>
