{"G:\\Lenovo 2023 Backup Data\\Downloads\\React JS\\Namaste React Code\\Zigfoodz App\\Session 1\\src\\Components\\sum.js": {"path":"G:\\Lenovo 2023 Backup Data\\Downloads\\React JS\\Namaste React Code\\Zigfoodz App\\Session 1\\src\\Components\\sum.js","statementMap":{"0":{"start":{"line":3,"column":10},"end":{"line":6,"column":1}},"1":{"start":{"line":4,"column":2},"end":{"line":4,"column":13}}},"fnMap":{"0":{"name":"(anonymous_0)","decl":{"start":{"line":3,"column":10},"end":{"line":3,"column":11}},"loc":{"start":{"line":3,"column":18},"end":{"line":6,"column":1}},"line":3}},"branchMap":{},"s":{"0":1,"1":1},"f":{"0":1},"b":{},"_coverageSchema":"1a1c01bbd47fc00a2c39e90264f33305004495a9","hash":"d2ab452cbc39b67c2c0dcff1d4bdc5846230ce2b"}
}
